<?xml version="1.0" encoding="UTF-8"?>
<!-- Generated by org.testng.reporters.JUnitReportReporter -->
<testsuite hostname="INBLRWHF71883G2" name="com.servicenow.testscripts.incident.testinc" tests="3" failures="0" timestamp="24 Oct 2019 11:39:19 GMT" time="13.014" errors="0">
  <testcase name="stateresolved" time="4.338" classname="com.servicenow.testscripts.incident.testinc"/>
  <testcase name="openinc" time="4.316" classname="com.servicenow.testscripts.incident.testinc"/>
  <testcase name="statepending" time="4.360" classname="com.servicenow.testscripts.incident.testinc"/>
</testsuite> <!-- com.servicenow.testscripts.incident.testinc -->
