<?xml version="1.0" encoding="UTF-8"?>
<!-- Generated by org.testng.reporters.JUnitReportReporter -->
<testsuite hostname="INBLRWHF71883G2" name="com.servicenow.testscripts.change.testscripts" tests="3" failures="0" timestamp="24 Oct 2019 11:39:19 GMT" time="17.118" errors="0">
  <testcase name="createchange" time="7.085" classname="com.servicenow.testscripts.change.testscripts"/>
  <testcase name="login" time="5.348" classname="com.servicenow.testscripts.change.testscripts"/>
  <testcase name="searchchange" time="4.685" classname="com.servicenow.testscripts.change.testscripts"/>
</testsuite> <!-- com.servicenow.testscripts.change.testscripts -->
